  [1m[35m (754.6ms)[0m  [1m[35mCREATE DATABASE "myapp_development" ENCODING = 'unicode'[0m
  [1m[35m (590.5ms)[0m  [1m[35mCREATE DATABASE "myapp_test" ENCODING = 'unicode'[0m
Started GET "/" for ::1 at 2020-05-31 10:13:53 +0530
Processing by Rails::WelcomeController#index as HTML
  Rendering /home/local/ZOHOCORP/jaya-9180/.rbenv/versions/2.7.1/lib/ruby/gems/2.7.0/gems/railties-6.0.3.1/lib/rails/templates/rails/welcome/index.html.erb
  Rendered /home/local/ZOHOCORP/jaya-9180/.rbenv/versions/2.7.1/lib/ruby/gems/2.7.0/gems/railties-6.0.3.1/lib/rails/templates/rails/welcome/index.html.erb (Duration: 7.7ms | Allocations: 406)
Completed 200 OK in 18ms (Views: 10.6ms | ActiveRecord: 0.0ms | Allocations: 2337)


Started GET "/" for ::1 at 2020-05-31 10:44:19 +0530
Processing by Rails::WelcomeController#index as HTML
  Rendering /home/local/ZOHOCORP/jaya-9180/.rbenv/versions/2.7.1/lib/ruby/gems/2.7.0/gems/railties-6.0.3.1/lib/rails/templates/rails/welcome/index.html.erb
  Rendered /home/local/ZOHOCORP/jaya-9180/.rbenv/versions/2.7.1/lib/ruby/gems/2.7.0/gems/railties-6.0.3.1/lib/rails/templates/rails/welcome/index.html.erb (Duration: 7.2ms | Allocations: 294)
Completed 200 OK in 20ms (Views: 11.0ms | ActiveRecord: 0.0ms | Allocations: 1634)


Started GET "/" for ::1 at 2020-05-31 11:06:56 +0530
Processing by Rails::WelcomeController#index as HTML
  Rendering /home/local/ZOHOCORP/jaya-9180/.rbenv/versions/2.7.1/lib/ruby/gems/2.7.0/gems/railties-6.0.3.1/lib/rails/templates/rails/welcome/index.html.erb
  Rendered /home/local/ZOHOCORP/jaya-9180/.rbenv/versions/2.7.1/lib/ruby/gems/2.7.0/gems/railties-6.0.3.1/lib/rails/templates/rails/welcome/index.html.erb (Duration: 5.5ms | Allocations: 294)
Completed 200 OK in 13ms (Views: 6.6ms | ActiveRecord: 0.0ms | Allocations: 1634)


Started GET "/" for ::1 at 2020-05-31 11:37:33 +0530
Processing by Rails::WelcomeController#index as HTML
  Rendering /home/local/ZOHOCORP/jaya-9180/.rbenv/versions/2.7.1/lib/ruby/gems/2.7.0/gems/railties-6.0.3.1/lib/rails/templates/rails/welcome/index.html.erb
  Rendered /home/local/ZOHOCORP/jaya-9180/.rbenv/versions/2.7.1/lib/ruby/gems/2.7.0/gems/railties-6.0.3.1/lib/rails/templates/rails/welcome/index.html.erb (Duration: 6.2ms | Allocations: 294)
Completed 200 OK in 17ms (Views: 7.4ms | ActiveRecord: 0.0ms | Allocations: 1633)


Started GET "/" for ::1 at 2020-05-31 11:44:54 +0530
Processing by Rails::WelcomeController#index as HTML
  Rendering /home/local/ZOHOCORP/jaya-9180/.rbenv/versions/2.7.1/lib/ruby/gems/2.7.0/gems/railties-6.0.3.1/lib/rails/templates/rails/welcome/index.html.erb
  Rendered /home/local/ZOHOCORP/jaya-9180/.rbenv/versions/2.7.1/lib/ruby/gems/2.7.0/gems/railties-6.0.3.1/lib/rails/templates/rails/welcome/index.html.erb (Duration: 6.0ms | Allocations: 179)
Completed 200 OK in 9ms (Views: 6.6ms | ActiveRecord: 0.0ms | Allocations: 2185)


Started GET "/posts" for ::1 at 2020-05-31 11:45:23 +0530
  
ActionController::RoutingError (No route matches [GET] "/posts"):
  
actionpack (6.0.3.1) lib/action_dispatch/middleware/debug_exceptions.rb:36:in `call'
web-console (4.0.2) lib/web_console/middleware.rb:132:in `call_app'
web-console (4.0.2) lib/web_console/middleware.rb:28:in `block in call'
web-console (4.0.2) lib/web_console/middleware.rb:17:in `catch'
web-console (4.0.2) lib/web_console/middleware.rb:17:in `call'
actionpack (6.0.3.1) lib/action_dispatch/middleware/show_exceptions.rb:33:in `call'
railties (6.0.3.1) lib/rails/rack/logger.rb:37:in `call_app'
railties (6.0.3.1) lib/rails/rack/logger.rb:26:in `block in call'
activesupport (6.0.3.1) lib/active_support/tagged_logging.rb:80:in `block in tagged'
activesupport (6.0.3.1) lib/active_support/tagged_logging.rb:28:in `tagged'
activesupport (6.0.3.1) lib/active_support/tagged_logging.rb:80:in `tagged'
railties (6.0.3.1) lib/rails/rack/logger.rb:26:in `call'
sprockets-rails (3.2.1) lib/sprockets/rails/quiet_assets.rb:13:in `call'
actionpack (6.0.3.1) lib/action_dispatch/middleware/remote_ip.rb:81:in `call'
actionpack (6.0.3.1) lib/action_dispatch/middleware/request_id.rb:27:in `call'
rack (2.2.2) lib/rack/method_override.rb:24:in `call'
rack (2.2.2) lib/rack/runtime.rb:22:in `call'
activesupport (6.0.3.1) lib/active_support/cache/strategy/local_cache_middleware.rb:29:in `call'
actionpack (6.0.3.1) lib/action_dispatch/middleware/executor.rb:14:in `call'
actionpack (6.0.3.1) lib/action_dispatch/middleware/static.rb:126:in `call'
rack (2.2.2) lib/rack/sendfile.rb:110:in `call'
actionpack (6.0.3.1) lib/action_dispatch/middleware/host_authorization.rb:82:in `call'
webpacker (4.2.2) lib/webpacker/dev_server_proxy.rb:23:in `perform_request'
rack-proxy (0.6.5) lib/rack/proxy.rb:57:in `call'
railties (6.0.3.1) lib/rails/engine.rb:527:in `call'
puma (4.3.5) lib/puma/configuration.rb:228:in `call'
puma (4.3.5) lib/puma/server.rb:713:in `handle_request'
puma (4.3.5) lib/puma/server.rb:472:in `process_client'
puma (4.3.5) lib/puma/server.rb:328:in `block in run'
puma (4.3.5) lib/puma/thread_pool.rb:134:in `block in spawn_thread'
Started GET "/posts" for ::1 at 2020-05-31 11:47:27 +0530
  
ActionController::RoutingError (No route matches [GET] "/posts"):
  
actionpack (6.0.3.1) lib/action_dispatch/middleware/debug_exceptions.rb:36:in `call'
web-console (4.0.2) lib/web_console/middleware.rb:132:in `call_app'
web-console (4.0.2) lib/web_console/middleware.rb:28:in `block in call'
web-console (4.0.2) lib/web_console/middleware.rb:17:in `catch'
web-console (4.0.2) lib/web_console/middleware.rb:17:in `call'
actionpack (6.0.3.1) lib/action_dispatch/middleware/show_exceptions.rb:33:in `call'
railties (6.0.3.1) lib/rails/rack/logger.rb:37:in `call_app'
railties (6.0.3.1) lib/rails/rack/logger.rb:26:in `block in call'
activesupport (6.0.3.1) lib/active_support/tagged_logging.rb:80:in `block in tagged'
activesupport (6.0.3.1) lib/active_support/tagged_logging.rb:28:in `tagged'
activesupport (6.0.3.1) lib/active_support/tagged_logging.rb:80:in `tagged'
railties (6.0.3.1) lib/rails/rack/logger.rb:26:in `call'
sprockets-rails (3.2.1) lib/sprockets/rails/quiet_assets.rb:13:in `call'
actionpack (6.0.3.1) lib/action_dispatch/middleware/remote_ip.rb:81:in `call'
actionpack (6.0.3.1) lib/action_dispatch/middleware/request_id.rb:27:in `call'
rack (2.2.2) lib/rack/method_override.rb:24:in `call'
rack (2.2.2) lib/rack/runtime.rb:22:in `call'
activesupport (6.0.3.1) lib/active_support/cache/strategy/local_cache_middleware.rb:29:in `call'
actionpack (6.0.3.1) lib/action_dispatch/middleware/executor.rb:14:in `call'
actionpack (6.0.3.1) lib/action_dispatch/middleware/static.rb:126:in `call'
rack (2.2.2) lib/rack/sendfile.rb:110:in `call'
actionpack (6.0.3.1) lib/action_dispatch/middleware/host_authorization.rb:82:in `call'
webpacker (4.2.2) lib/webpacker/dev_server_proxy.rb:23:in `perform_request'
rack-proxy (0.6.5) lib/rack/proxy.rb:57:in `call'
railties (6.0.3.1) lib/rails/engine.rb:527:in `call'
puma (4.3.5) lib/puma/configuration.rb:228:in `call'
puma (4.3.5) lib/puma/server.rb:713:in `handle_request'
puma (4.3.5) lib/puma/server.rb:472:in `process_client'
puma (4.3.5) lib/puma/server.rb:328:in `block in run'
puma (4.3.5) lib/puma/thread_pool.rb:134:in `block in spawn_thread'
Started GET "/posts" for ::1 at 2020-05-31 11:49:54 +0530
Processing by PostsController#index as HTML
  Rendering posts/index.html.erb within layouts/application
  Rendered posts/index.html.erb within layouts/application (Duration: 0.4ms | Allocations: 185)
[Webpacker] Compiling...
[Webpacker] Compilation failed:
yarn run v1.22.4
info Visit https://yarnpkg.com/en/docs/cli/run for documentation about this command.


error Command "webpack" not found.

Completed 500 Internal Server Error in 685ms (ActiveRecord: 0.0ms | Allocations: 20421)



ActionView::Template::Error - Webpacker can't find application in /home/local/ZOHOCORP/jaya-9180/Desktop/projects/RubyOnRails/origin/public/packs/manifest.json. Possible causes:
1. You want to set webpacker.yml value of compile to true for your environment
   unless you are using the `webpack -w` or the webpack-dev-server.
2. webpack has not yet re-run to reflect updates.
3. You have misconfigured Webpacker's config/webpacker.yml file.
4. Your webpack configuration is not creating a manifest.
Your manifest contains:
{
}
:
  app/views/layouts/application.html.erb:9:in `view template'
  app/views/layouts/application.html.erb:9

Started POST "/__better_errors/6d788ef347a8f108/variables" for ::1 at 2020-05-31 11:49:55 +0530
Started GET "/posts" for ::1 at 2020-05-31 11:51:34 +0530
Processing by PostsController#index as HTML
  Rendering posts/index.html.erb within layouts/application
  Rendered posts/index.html.erb within layouts/application (Duration: 0.0ms | Allocations: 5)
[Webpacker] Compiling...
[Webpacker] Compilation failed:
yarn run v1.22.4
info Visit https://yarnpkg.com/en/docs/cli/run for documentation about this command.


error Command "webpack" not found.

Completed 500 Internal Server Error in 800ms (ActiveRecord: 0.0ms | Allocations: 5093)



ActionView::Template::Error - Webpacker can't find application in /home/local/ZOHOCORP/jaya-9180/Desktop/projects/RubyOnRails/origin/public/packs/manifest.json. Possible causes:
1. You want to set webpacker.yml value of compile to true for your environment
   unless you are using the `webpack -w` or the webpack-dev-server.
2. webpack has not yet re-run to reflect updates.
3. You have misconfigured Webpacker's config/webpacker.yml file.
4. Your webpack configuration is not creating a manifest.
Your manifest contains:
{
}
:
  app/views/layouts/application.html.erb:9:in `view template'
  app/views/layouts/application.html.erb:9

Started POST "/__better_errors/2348029be7ef74c9/variables" for ::1 at 2020-05-31 11:51:35 +0530
Started GET "/posts" for ::1 at 2020-05-31 11:52:30 +0530
Processing by PostsController#index as HTML
  Rendering posts/index.html.erb within layouts/application
  Rendered posts/index.html.erb within layouts/application (Duration: 1.2ms | Allocations: 79)
[Webpacker] Compiling...
[Webpacker] Compilation failed:
yarn run v1.22.4
info Visit https://yarnpkg.com/en/docs/cli/run for documentation about this command.


error Command "webpack" not found.

Completed 500 Internal Server Error in 853ms (ActiveRecord: 0.0ms | Allocations: 5942)



ActionView::Template::Error - Webpacker can't find application in /home/local/ZOHOCORP/jaya-9180/Desktop/projects/RubyOnRails/origin/public/packs/manifest.json. Possible causes:
1. You want to set webpacker.yml value of compile to true for your environment
   unless you are using the `webpack -w` or the webpack-dev-server.
2. webpack has not yet re-run to reflect updates.
3. You have misconfigured Webpacker's config/webpacker.yml file.
4. Your webpack configuration is not creating a manifest.
Your manifest contains:
{
}
:
  app/views/layouts/application.html.erb:9:in `view template'
  app/views/layouts/application.html.erb:9

Started POST "/__better_errors/a7b4eeecfb61bc35/variables" for ::1 at 2020-05-31 11:52:31 +0530
Started GET "/posts" for ::1 at 2020-05-31 11:52:33 +0530
Processing by PostsController#index as HTML
  Rendering posts/index.html.erb within layouts/application
  Rendered posts/index.html.erb within layouts/application (Duration: 0.1ms | Allocations: 4)
[Webpacker] Compiling...
[Webpacker] Compilation failed:
yarn run v1.22.4
info Visit https://yarnpkg.com/en/docs/cli/run for documentation about this command.


error Command "webpack" not found.

Completed 500 Internal Server Error in 852ms (ActiveRecord: 0.0ms | Allocations: 4955)



ActionView::Template::Error - Webpacker can't find application in /home/local/ZOHOCORP/jaya-9180/Desktop/projects/RubyOnRails/origin/public/packs/manifest.json. Possible causes:
1. You want to set webpacker.yml value of compile to true for your environment
   unless you are using the `webpack -w` or the webpack-dev-server.
2. webpack has not yet re-run to reflect updates.
3. You have misconfigured Webpacker's config/webpacker.yml file.
4. Your webpack configuration is not creating a manifest.
Your manifest contains:
{
}
:
  app/views/layouts/application.html.erb:9:in `view template'
  app/views/layouts/application.html.erb:9

Started POST "/__better_errors/4ea64145cdfefcb6/variables" for ::1 at 2020-05-31 11:52:34 +0530
Started POST "/__better_errors/4ea64145cdfefcb6/variables" for ::1 at 2020-05-31 11:52:43 +0530
Started GET "/posts" for ::1 at 2020-05-31 11:53:56 +0530
Processing by PostsController#index as HTML
  Rendering posts/index.html.erb within layouts/application
  Rendered posts/index.html.erb within layouts/application (Duration: 1.2ms | Allocations: 78)
[Webpacker] Compiling...
[Webpacker] Compilation failed:
yarn run v1.22.4
info Visit https://yarnpkg.com/en/docs/cli/run for documentation about this command.


error Command "webpack" not found.

Completed 500 Internal Server Error in 705ms (ActiveRecord: 0.0ms | Allocations: 5935)



ActionView::Template::Error - Webpacker can't find application in /home/local/ZOHOCORP/jaya-9180/Desktop/projects/RubyOnRails/origin/public/packs/manifest.json. Possible causes:
1. You want to set webpacker.yml value of compile to true for your environment
   unless you are using the `webpack -w` or the webpack-dev-server.
2. webpack has not yet re-run to reflect updates.
3. You have misconfigured Webpacker's config/webpacker.yml file.
4. Your webpack configuration is not creating a manifest.
Your manifest contains:
{
}
:
  app/views/layouts/application.html.erb:9:in `view template'
  app/views/layouts/application.html.erb:9

Started POST "/__better_errors/ccd69eecc576ce52/variables" for ::1 at 2020-05-31 11:53:57 +0530
Started GET "/posts" for ::1 at 2020-05-31 11:54:16 +0530
Processing by PostsController#index as HTML
  Rendering posts/index.html.erb within layouts/application
  Rendered posts/index.html.erb within layouts/application (Duration: 0.1ms | Allocations: 5)
[Webpacker] Compiling...
[Webpacker] Compilation failed:
yarn run v1.22.4
info Visit https://yarnpkg.com/en/docs/cli/run for documentation about this command.


error Command "webpack" not found.

Completed 500 Internal Server Error in 974ms (ActiveRecord: 0.0ms | Allocations: 4956)



ActionView::Template::Error - Webpacker can't find application in /home/local/ZOHOCORP/jaya-9180/Desktop/projects/RubyOnRails/origin/public/packs/manifest.json. Possible causes:
1. You want to set webpacker.yml value of compile to true for your environment
   unless you are using the `webpack -w` or the webpack-dev-server.
2. webpack has not yet re-run to reflect updates.
3. You have misconfigured Webpacker's config/webpacker.yml file.
4. Your webpack configuration is not creating a manifest.
Your manifest contains:
{
}
:
  app/views/layouts/application.html.erb:9:in `view template'
  app/views/layouts/application.html.erb:9

Started POST "/__better_errors/ef229a6b11097e72/variables" for ::1 at 2020-05-31 11:54:17 +0530
Started GET "/posts" for ::1 at 2020-05-31 11:54:44 +0530
Processing by PostsController#index as HTML
  Rendering posts/index.html.erb within layouts/application
  Rendered posts/index.html.erb within layouts/application (Duration: 0.2ms | Allocations: 5)
[Webpacker] Compiling...
[Webpacker] Compilation failed:
yarn run v1.22.4
info Visit https://yarnpkg.com/en/docs/cli/run for documentation about this command.


error Command "webpack" not found.

Completed 500 Internal Server Error in 727ms (ActiveRecord: 0.0ms | Allocations: 4958)



ActionView::Template::Error - Webpacker can't find application in /home/local/ZOHOCORP/jaya-9180/Desktop/projects/RubyOnRails/origin/public/packs/manifest.json. Possible causes:
1. You want to set webpacker.yml value of compile to true for your environment
   unless you are using the `webpack -w` or the webpack-dev-server.
2. webpack has not yet re-run to reflect updates.
3. You have misconfigured Webpacker's config/webpacker.yml file.
4. Your webpack configuration is not creating a manifest.
Your manifest contains:
{
}
:
  app/views/layouts/application.html.erb:9:in `view template'
  app/views/layouts/application.html.erb:9

Started POST "/__better_errors/1de6ca80767ad0e8/variables" for ::1 at 2020-05-31 11:54:44 +0530
